2018-03-31 22:41:00  [ main:0 ] - [ DEBUG ]  Using SLF4J as the default logging framework
2018-03-31 22:41:00  [ main:11 ] - [ DEBUG ]  -Dio.netty.eventLoopThreads: 8
2018-03-31 22:41:00  [ main:131 ] - [ DEBUG ]  Platform: MacOS
2018-03-31 22:41:00  [ main:140 ] - [ DEBUG ]  -Dio.netty.noUnsafe: false
2018-03-31 22:41:00  [ main:141 ] - [ DEBUG ]  Java version: 9
2018-03-31 22:41:00  [ main:144 ] - [ DEBUG ]  sun.misc.Unsafe.theUnsafe: available
2018-03-31 22:41:00  [ main:149 ] - [ DEBUG ]  sun.misc.Unsafe.copyMemory: available
2018-03-31 22:41:00  [ main:150 ] - [ DEBUG ]  java.nio.Buffer.address: available
2018-03-31 22:41:00  [ main:163 ] - [ DEBUG ]  direct buffer constructor: available
2018-03-31 22:41:00  [ main:169 ] - [ DEBUG ]  java.nio.Bits.unaligned: available, true
2018-03-31 22:41:00  [ main:174 ] - [ DEBUG ]  jdk.internal.misc.Unsafe.allocateUninitializedArray(int): unavailable
java.lang.IllegalAccessException: class io.netty.util.internal.PlatformDependent0$6 cannot access class jdk.internal.misc.Unsafe (in module java.base) because module java.base does not export jdk.internal.misc to unnamed module @1dd92fe2
	at java.base/jdk.internal.reflect.Reflection.newIllegalAccessException(Reflection.java:361)
	at java.base/java.lang.reflect.AccessibleObject.checkAccess(AccessibleObject.java:589)
	at java.base/java.lang.reflect.Method.invoke(Method.java:556)
	at io.netty.util.internal.PlatformDependent0$6.run(PlatformDependent0.java:300)
	at java.base/java.security.AccessController.doPrivileged(Native Method)
	at io.netty.util.internal.PlatformDependent0.<clinit>(PlatformDependent0.java:291)
	at io.netty.util.internal.PlatformDependent.isAndroid(PlatformDependent.java:202)
	at io.netty.util.internal.PlatformDependent.<clinit>(PlatformDependent.java:79)
	at io.netty.util.ConstantPool.<init>(ConstantPool.java:32)
	at io.netty.util.Signal$1.<init>(Signal.java:27)
	at io.netty.util.Signal.<clinit>(Signal.java:27)
	at io.netty.util.concurrent.DefaultPromise.<clinit>(DefaultPromise.java:43)
	at io.netty.util.concurrent.MultithreadEventExecutorGroup.<init>(MultithreadEventExecutorGroup.java:36)
	at io.netty.util.concurrent.MultithreadEventExecutorGroup.<init>(MultithreadEventExecutorGroup.java:58)
	at io.netty.channel.MultithreadEventLoopGroup.<init>(MultithreadEventLoopGroup.java:52)
	at io.netty.channel.nio.NioEventLoopGroup.<init>(NioEventLoopGroup.java:87)
	at io.netty.channel.nio.NioEventLoopGroup.<init>(NioEventLoopGroup.java:82)
	at io.netty.channel.nio.NioEventLoopGroup.<init>(NioEventLoopGroup.java:63)
	at io.netty.channel.nio.NioEventLoopGroup.<init>(NioEventLoopGroup.java:51)
	at io.netty.channel.nio.NioEventLoopGroup.<init>(NioEventLoopGroup.java:43)
	at cn.moe.server.HttpServer.start(HttpServer.java:37)
	at cn.moe.server.HttpServer.main(HttpServer.java:64)
2018-03-31 22:41:00  [ main:176 ] - [ DEBUG ]  java.nio.DirectByteBuffer.<init>(long, int): available
2018-03-31 22:41:00  [ main:176 ] - [ DEBUG ]  sun.misc.Unsafe: available
2018-03-31 22:41:00  [ main:209 ] - [ DEBUG ]  maxDirectMemory: 2147483648 bytes (maybe)
2018-03-31 22:41:00  [ main:210 ] - [ DEBUG ]  -Dio.netty.tmpdir: /var/folders/4z/z913zt5n7tvdjvtv0_1kvff80000gn/T (java.io.tmpdir)
2018-03-31 22:41:00  [ main:210 ] - [ DEBUG ]  -Dio.netty.bitMode: 64 (sun.arch.data.model)
2018-03-31 22:41:00  [ main:235 ] - [ DEBUG ]  -Dio.netty.noPreferDirect: false
2018-03-31 22:41:00  [ main:237 ] - [ DEBUG ]  maxDirectMemory: 2147483648 bytes (maybe)
2018-03-31 22:41:00  [ main:241 ] - [ DEBUG ]  -Dio.netty.maxDirectMemory: 2147483648 bytes
2018-03-31 22:41:00  [ main:245 ] - [ DEBUG ]  -Dio.netty.uninitializedArrayAllocationThreshold: -1
2018-03-31 22:41:00  [ main:263 ] - [ DEBUG ]  java.nio.ByteBuffer.cleaner(): available
2018-03-31 22:41:00  [ main:310 ] - [ DEBUG ]  -Dio.netty.noKeySetOptimization: false
2018-03-31 22:41:00  [ main:310 ] - [ DEBUG ]  -Dio.netty.selectorAutoRebuildThreshold: 512
2018-03-31 22:41:01  [ main:327 ] - [ DEBUG ]  org.jctools-core.MpscChunkedArrayQueue: available
2018-03-31 22:41:01  [ main:403 ] - [ DEBUG ]  -Dio.netty.processId: 12889 (auto-detected)
2018-03-31 22:41:01  [ main:413 ] - [ DEBUG ]  -Djava.net.preferIPv4Stack: false
2018-03-31 22:41:01  [ main:413 ] - [ DEBUG ]  -Djava.net.preferIPv6Addresses: false
2018-03-31 22:41:01  [ main:429 ] - [ DEBUG ]  Loopback interface: lo0 (lo0, 0:0:0:0:0:0:0:1%lo0)
2018-03-31 22:41:01  [ main:430 ] - [ DEBUG ]  Failed to get SOMAXCONN from sysctl and file /proc/sys/net/core/somaxconn. Default: 128
2018-03-31 22:41:01  [ main:449 ] - [ DEBUG ]  -Dio.netty.machineId: 8c:85:90:ff:fe:b0:9a:6c (auto-detected)
2018-03-31 22:41:01  [ main:458 ] - [ DEBUG ]  -Dio.netty.threadLocalMap.stringBuilder.initialSize: 1024
2018-03-31 22:41:01  [ main:459 ] - [ DEBUG ]  -Dio.netty.threadLocalMap.stringBuilder.maxSize: 4096
2018-03-31 22:41:01  [ main:501 ] - [ DEBUG ]  -Dio.netty.leakDetection.level: simple
2018-03-31 22:41:01  [ main:501 ] - [ DEBUG ]  -Dio.netty.leakDetection.maxRecords: 4
2018-03-31 22:41:01  [ main:561 ] - [ DEBUG ]  -Dio.netty.allocator.numHeapArenas: 8
2018-03-31 22:41:01  [ main:562 ] - [ DEBUG ]  -Dio.netty.allocator.numDirectArenas: 8
2018-03-31 22:41:01  [ main:563 ] - [ DEBUG ]  -Dio.netty.allocator.pageSize: 8192
2018-03-31 22:41:01  [ main:563 ] - [ DEBUG ]  -Dio.netty.allocator.maxOrder: 11
2018-03-31 22:41:01  [ main:563 ] - [ DEBUG ]  -Dio.netty.allocator.chunkSize: 16777216
2018-03-31 22:41:01  [ main:564 ] - [ DEBUG ]  -Dio.netty.allocator.tinyCacheSize: 512
2018-03-31 22:41:01  [ main:564 ] - [ DEBUG ]  -Dio.netty.allocator.smallCacheSize: 256
2018-03-31 22:41:01  [ main:564 ] - [ DEBUG ]  -Dio.netty.allocator.normalCacheSize: 64
2018-03-31 22:41:01  [ main:565 ] - [ DEBUG ]  -Dio.netty.allocator.maxCachedBufferCapacity: 32768
2018-03-31 22:41:01  [ main:566 ] - [ DEBUG ]  -Dio.netty.allocator.cacheTrimInterval: 8192
2018-03-31 22:41:01  [ main:566 ] - [ DEBUG ]  -Dio.netty.allocator.useCacheForAllThreads: true
2018-03-31 22:41:01  [ main:588 ] - [ DEBUG ]  -Dio.netty.allocator.type: pooled
2018-03-31 22:41:01  [ main:588 ] - [ DEBUG ]  -Dio.netty.threadLocalDirectBufferSize: 65536
2018-03-31 22:41:01  [ main:588 ] - [ DEBUG ]  -Dio.netty.maxThreadLocalCharBufferSize: 16384
2018-03-31 22:43:51  [ main:0 ] - [ DEBUG ]  Using SLF4J as the default logging framework
2018-03-31 22:43:51  [ main:11 ] - [ DEBUG ]  -Dio.netty.eventLoopThreads: 8
2018-03-31 22:43:51  [ main:56 ] - [ DEBUG ]  Platform: MacOS
2018-03-31 22:43:51  [ main:60 ] - [ DEBUG ]  -Dio.netty.noUnsafe: false
2018-03-31 22:43:51  [ main:61 ] - [ DEBUG ]  Java version: 9
2018-03-31 22:43:51  [ main:64 ] - [ DEBUG ]  sun.misc.Unsafe.theUnsafe: available
2018-03-31 22:43:51  [ main:65 ] - [ DEBUG ]  sun.misc.Unsafe.copyMemory: available
2018-03-31 22:43:51  [ main:66 ] - [ DEBUG ]  java.nio.Buffer.address: available
2018-03-31 22:43:51  [ main:68 ] - [ DEBUG ]  direct buffer constructor: available
2018-03-31 22:43:51  [ main:70 ] - [ DEBUG ]  java.nio.Bits.unaligned: available, true
2018-03-31 22:43:51  [ main:74 ] - [ DEBUG ]  jdk.internal.misc.Unsafe.allocateUninitializedArray(int): unavailable
java.lang.IllegalAccessException: class io.netty.util.internal.PlatformDependent0$6 cannot access class jdk.internal.misc.Unsafe (in module java.base) because module java.base does not export jdk.internal.misc to unnamed module @1b68b9a4
	at java.base/jdk.internal.reflect.Reflection.newIllegalAccessException(Reflection.java:361)
	at java.base/java.lang.reflect.AccessibleObject.checkAccess(AccessibleObject.java:589)
	at java.base/java.lang.reflect.Method.invoke(Method.java:556)
	at io.netty.util.internal.PlatformDependent0$6.run(PlatformDependent0.java:300)
	at java.base/java.security.AccessController.doPrivileged(Native Method)
	at io.netty.util.internal.PlatformDependent0.<clinit>(PlatformDependent0.java:291)
	at io.netty.util.internal.PlatformDependent.isAndroid(PlatformDependent.java:202)
	at io.netty.util.internal.PlatformDependent.<clinit>(PlatformDependent.java:79)
	at io.netty.util.ConstantPool.<init>(ConstantPool.java:32)
	at io.netty.util.Signal$1.<init>(Signal.java:27)
	at io.netty.util.Signal.<clinit>(Signal.java:27)
	at io.netty.util.concurrent.DefaultPromise.<clinit>(DefaultPromise.java:43)
	at io.netty.util.concurrent.MultithreadEventExecutorGroup.<init>(MultithreadEventExecutorGroup.java:36)
	at io.netty.util.concurrent.MultithreadEventExecutorGroup.<init>(MultithreadEventExecutorGroup.java:58)
	at io.netty.channel.MultithreadEventLoopGroup.<init>(MultithreadEventLoopGroup.java:52)
	at io.netty.channel.nio.NioEventLoopGroup.<init>(NioEventLoopGroup.java:87)
	at io.netty.channel.nio.NioEventLoopGroup.<init>(NioEventLoopGroup.java:82)
	at io.netty.channel.nio.NioEventLoopGroup.<init>(NioEventLoopGroup.java:63)
	at io.netty.channel.nio.NioEventLoopGroup.<init>(NioEventLoopGroup.java:51)
	at io.netty.channel.nio.NioEventLoopGroup.<init>(NioEventLoopGroup.java:43)
	at cn.moe.server.HttpServer.start(HttpServer.java:37)
	at cn.moe.server.HttpServer.main(HttpServer.java:64)
2018-03-31 22:43:51  [ main:76 ] - [ DEBUG ]  java.nio.DirectByteBuffer.<init>(long, int): available
2018-03-31 22:43:51  [ main:76 ] - [ DEBUG ]  sun.misc.Unsafe: available
2018-03-31 22:43:51  [ main:103 ] - [ DEBUG ]  maxDirectMemory: 2147483648 bytes (maybe)
2018-03-31 22:43:51  [ main:105 ] - [ DEBUG ]  -Dio.netty.tmpdir: /var/folders/4z/z913zt5n7tvdjvtv0_1kvff80000gn/T (java.io.tmpdir)
2018-03-31 22:43:51  [ main:106 ] - [ DEBUG ]  -Dio.netty.bitMode: 64 (sun.arch.data.model)
2018-03-31 22:43:51  [ main:115 ] - [ DEBUG ]  -Dio.netty.noPreferDirect: false
2018-03-31 22:43:51  [ main:116 ] - [ DEBUG ]  maxDirectMemory: 2147483648 bytes (maybe)
2018-03-31 22:43:51  [ main:117 ] - [ DEBUG ]  -Dio.netty.maxDirectMemory: 2147483648 bytes
2018-03-31 22:43:51  [ main:117 ] - [ DEBUG ]  -Dio.netty.uninitializedArrayAllocationThreshold: -1
2018-03-31 22:43:51  [ main:118 ] - [ DEBUG ]  java.nio.ByteBuffer.cleaner(): available
2018-03-31 22:43:51  [ main:139 ] - [ DEBUG ]  -Dio.netty.noKeySetOptimization: false
2018-03-31 22:43:51  [ main:140 ] - [ DEBUG ]  -Dio.netty.selectorAutoRebuildThreshold: 512
2018-03-31 22:43:51  [ main:152 ] - [ DEBUG ]  org.jctools-core.MpscChunkedArrayQueue: available
2018-03-31 22:43:51  [ main:479 ] - [ DEBUG ]  -Dio.netty.processId: 12913 (auto-detected)
2018-03-31 22:43:51  [ main:482 ] - [ DEBUG ]  -Djava.net.preferIPv4Stack: false
2018-03-31 22:43:51  [ main:482 ] - [ DEBUG ]  -Djava.net.preferIPv6Addresses: false
2018-03-31 22:43:51  [ main:486 ] - [ DEBUG ]  Loopback interface: lo0 (lo0, 0:0:0:0:0:0:0:1%lo0)
2018-03-31 22:43:51  [ main:487 ] - [ DEBUG ]  Failed to get SOMAXCONN from sysctl and file /proc/sys/net/core/somaxconn. Default: 128
2018-03-31 22:43:51  [ main:492 ] - [ DEBUG ]  -Dio.netty.machineId: 8c:85:90:ff:fe:b0:9a:6c (auto-detected)
2018-03-31 22:43:51  [ main:497 ] - [ DEBUG ]  -Dio.netty.threadLocalMap.stringBuilder.initialSize: 1024
2018-03-31 22:43:51  [ main:497 ] - [ DEBUG ]  -Dio.netty.threadLocalMap.stringBuilder.maxSize: 4096
2018-03-31 22:43:51  [ main:506 ] - [ DEBUG ]  -Dio.netty.leakDetection.level: simple
2018-03-31 22:43:51  [ main:506 ] - [ DEBUG ]  -Dio.netty.leakDetection.maxRecords: 4
2018-03-31 22:43:51  [ main:531 ] - [ DEBUG ]  -Dio.netty.allocator.numHeapArenas: 8
2018-03-31 22:43:51  [ main:531 ] - [ DEBUG ]  -Dio.netty.allocator.numDirectArenas: 8
2018-03-31 22:43:51  [ main:532 ] - [ DEBUG ]  -Dio.netty.allocator.pageSize: 8192
2018-03-31 22:43:51  [ main:532 ] - [ DEBUG ]  -Dio.netty.allocator.maxOrder: 11
2018-03-31 22:43:51  [ main:533 ] - [ DEBUG ]  -Dio.netty.allocator.chunkSize: 16777216
2018-03-31 22:43:51  [ main:533 ] - [ DEBUG ]  -Dio.netty.allocator.tinyCacheSize: 512
2018-03-31 22:43:51  [ main:533 ] - [ DEBUG ]  -Dio.netty.allocator.smallCacheSize: 256
2018-03-31 22:43:51  [ main:534 ] - [ DEBUG ]  -Dio.netty.allocator.normalCacheSize: 64
2018-03-31 22:43:51  [ main:534 ] - [ DEBUG ]  -Dio.netty.allocator.maxCachedBufferCapacity: 32768
2018-03-31 22:43:51  [ main:534 ] - [ DEBUG ]  -Dio.netty.allocator.cacheTrimInterval: 8192
2018-03-31 22:43:51  [ main:535 ] - [ DEBUG ]  -Dio.netty.allocator.useCacheForAllThreads: true
2018-03-31 22:43:51  [ main:552 ] - [ DEBUG ]  -Dio.netty.allocator.type: pooled
2018-03-31 22:43:51  [ main:553 ] - [ DEBUG ]  -Dio.netty.threadLocalDirectBufferSize: 65536
2018-03-31 22:43:51  [ main:553 ] - [ DEBUG ]  -Dio.netty.maxThreadLocalCharBufferSize: 16384
2018-03-31 22:44:41  [ main:0 ] - [ DEBUG ]  Using SLF4J as the default logging framework
2018-03-31 22:44:41  [ main:7 ] - [ DEBUG ]  -Dio.netty.eventLoopThreads: 8
2018-03-31 22:44:41  [ main:63 ] - [ DEBUG ]  Platform: MacOS
2018-03-31 22:44:41  [ main:65 ] - [ DEBUG ]  -Dio.netty.noUnsafe: false
2018-03-31 22:44:41  [ main:66 ] - [ DEBUG ]  Java version: 9
2018-03-31 22:44:41  [ main:70 ] - [ DEBUG ]  sun.misc.Unsafe.theUnsafe: available
2018-03-31 22:44:41  [ main:71 ] - [ DEBUG ]  sun.misc.Unsafe.copyMemory: available
2018-03-31 22:44:41  [ main:72 ] - [ DEBUG ]  java.nio.Buffer.address: available
2018-03-31 22:44:41  [ main:74 ] - [ DEBUG ]  direct buffer constructor: available
2018-03-31 22:44:41  [ main:75 ] - [ DEBUG ]  java.nio.Bits.unaligned: available, true
2018-03-31 22:44:41  [ main:81 ] - [ DEBUG ]  jdk.internal.misc.Unsafe.allocateUninitializedArray(int): unavailable
java.lang.IllegalAccessException: class io.netty.util.internal.PlatformDependent0$6 cannot access class jdk.internal.misc.Unsafe (in module java.base) because module java.base does not export jdk.internal.misc to unnamed module @1b68b9a4
	at java.base/jdk.internal.reflect.Reflection.newIllegalAccessException(Reflection.java:361)
	at java.base/java.lang.reflect.AccessibleObject.checkAccess(AccessibleObject.java:589)
	at java.base/java.lang.reflect.Method.invoke(Method.java:556)
	at io.netty.util.internal.PlatformDependent0$6.run(PlatformDependent0.java:300)
	at java.base/java.security.AccessController.doPrivileged(Native Method)
	at io.netty.util.internal.PlatformDependent0.<clinit>(PlatformDependent0.java:291)
	at io.netty.util.internal.PlatformDependent.isAndroid(PlatformDependent.java:202)
	at io.netty.util.internal.PlatformDependent.<clinit>(PlatformDependent.java:79)
	at io.netty.util.ConstantPool.<init>(ConstantPool.java:32)
	at io.netty.util.Signal$1.<init>(Signal.java:27)
	at io.netty.util.Signal.<clinit>(Signal.java:27)
	at io.netty.util.concurrent.DefaultPromise.<clinit>(DefaultPromise.java:43)
	at io.netty.util.concurrent.MultithreadEventExecutorGroup.<init>(MultithreadEventExecutorGroup.java:36)
	at io.netty.util.concurrent.MultithreadEventExecutorGroup.<init>(MultithreadEventExecutorGroup.java:58)
	at io.netty.channel.MultithreadEventLoopGroup.<init>(MultithreadEventLoopGroup.java:52)
	at io.netty.channel.nio.NioEventLoopGroup.<init>(NioEventLoopGroup.java:87)
	at io.netty.channel.nio.NioEventLoopGroup.<init>(NioEventLoopGroup.java:82)
	at io.netty.channel.nio.NioEventLoopGroup.<init>(NioEventLoopGroup.java:63)
	at io.netty.channel.nio.NioEventLoopGroup.<init>(NioEventLoopGroup.java:51)
	at io.netty.channel.nio.NioEventLoopGroup.<init>(NioEventLoopGroup.java:43)
	at cn.moe.server.HttpServer.start(HttpServer.java:37)
	at cn.moe.server.HttpServer.main(HttpServer.java:64)
2018-03-31 22:44:41  [ main:83 ] - [ DEBUG ]  java.nio.DirectByteBuffer.<init>(long, int): available
2018-03-31 22:44:41  [ main:83 ] - [ DEBUG ]  sun.misc.Unsafe: available
2018-03-31 22:44:41  [ main:116 ] - [ DEBUG ]  maxDirectMemory: 2147483648 bytes (maybe)
2018-03-31 22:44:41  [ main:119 ] - [ DEBUG ]  -Dio.netty.tmpdir: /var/folders/4z/z913zt5n7tvdjvtv0_1kvff80000gn/T (java.io.tmpdir)
2018-03-31 22:44:41  [ main:120 ] - [ DEBUG ]  -Dio.netty.bitMode: 64 (sun.arch.data.model)
2018-03-31 22:44:41  [ main:131 ] - [ DEBUG ]  -Dio.netty.noPreferDirect: false
2018-03-31 22:44:41  [ main:132 ] - [ DEBUG ]  maxDirectMemory: 2147483648 bytes (maybe)
2018-03-31 22:44:41  [ main:132 ] - [ DEBUG ]  -Dio.netty.maxDirectMemory: 2147483648 bytes
2018-03-31 22:44:41  [ main:133 ] - [ DEBUG ]  -Dio.netty.uninitializedArrayAllocationThreshold: -1
2018-03-31 22:44:41  [ main:136 ] - [ DEBUG ]  java.nio.ByteBuffer.cleaner(): available
2018-03-31 22:44:41  [ main:167 ] - [ DEBUG ]  -Dio.netty.noKeySetOptimization: false
2018-03-31 22:44:41  [ main:167 ] - [ DEBUG ]  -Dio.netty.selectorAutoRebuildThreshold: 512
2018-03-31 22:44:41  [ main:188 ] - [ DEBUG ]  org.jctools-core.MpscChunkedArrayQueue: available
2018-03-31 22:44:41  [ main:306 ] - [ DEBUG ]  -Dio.netty.processId: 12922 (auto-detected)
2018-03-31 22:44:41  [ main:317 ] - [ DEBUG ]  -Djava.net.preferIPv4Stack: false
2018-03-31 22:44:41  [ main:317 ] - [ DEBUG ]  -Djava.net.preferIPv6Addresses: false
2018-03-31 22:44:41  [ main:326 ] - [ DEBUG ]  Loopback interface: lo0 (lo0, 0:0:0:0:0:0:0:1%lo0)
2018-03-31 22:44:41  [ main:327 ] - [ DEBUG ]  Failed to get SOMAXCONN from sysctl and file /proc/sys/net/core/somaxconn. Default: 128
2018-03-31 22:44:41  [ main:333 ] - [ DEBUG ]  -Dio.netty.machineId: 8c:85:90:ff:fe:b0:9a:6c (auto-detected)
2018-03-31 22:44:41  [ main:338 ] - [ DEBUG ]  -Dio.netty.threadLocalMap.stringBuilder.initialSize: 1024
2018-03-31 22:44:41  [ main:339 ] - [ DEBUG ]  -Dio.netty.threadLocalMap.stringBuilder.maxSize: 4096
2018-03-31 22:44:41  [ main:348 ] - [ DEBUG ]  -Dio.netty.leakDetection.level: simple
2018-03-31 22:44:41  [ main:348 ] - [ DEBUG ]  -Dio.netty.leakDetection.maxRecords: 4
2018-03-31 22:44:41  [ main:377 ] - [ DEBUG ]  -Dio.netty.allocator.numHeapArenas: 8
2018-03-31 22:44:41  [ main:377 ] - [ DEBUG ]  -Dio.netty.allocator.numDirectArenas: 8
2018-03-31 22:44:41  [ main:377 ] - [ DEBUG ]  -Dio.netty.allocator.pageSize: 8192
2018-03-31 22:44:41  [ main:378 ] - [ DEBUG ]  -Dio.netty.allocator.maxOrder: 11
2018-03-31 22:44:41  [ main:378 ] - [ DEBUG ]  -Dio.netty.allocator.chunkSize: 16777216
2018-03-31 22:44:41  [ main:378 ] - [ DEBUG ]  -Dio.netty.allocator.tinyCacheSize: 512
2018-03-31 22:44:41  [ main:379 ] - [ DEBUG ]  -Dio.netty.allocator.smallCacheSize: 256
2018-03-31 22:44:41  [ main:379 ] - [ DEBUG ]  -Dio.netty.allocator.normalCacheSize: 64
2018-03-31 22:44:41  [ main:379 ] - [ DEBUG ]  -Dio.netty.allocator.maxCachedBufferCapacity: 32768
2018-03-31 22:44:41  [ main:380 ] - [ DEBUG ]  -Dio.netty.allocator.cacheTrimInterval: 8192
2018-03-31 22:44:41  [ main:380 ] - [ DEBUG ]  -Dio.netty.allocator.useCacheForAllThreads: true
2018-03-31 22:44:41  [ main:405 ] - [ DEBUG ]  -Dio.netty.allocator.type: pooled
2018-03-31 22:44:41  [ main:406 ] - [ DEBUG ]  -Dio.netty.threadLocalDirectBufferSize: 65536
2018-03-31 22:44:41  [ main:406 ] - [ DEBUG ]  -Dio.netty.maxThreadLocalCharBufferSize: 16384
2018-03-31 22:45:03  [ nioEventLoopGroup-3-1:22308 ] - [ DEBUG ]  -Dio.netty.buffer.bytebuf.checkAccessible: true
2018-03-31 22:45:03  [ nioEventLoopGroup-3-1:22310 ] - [ DEBUG ]  Loaded default ResourceLeakDetector: io.netty.util.ResourceLeakDetector@12732286
2018-03-31 22:45:03  [ nioEventLoopGroup-3-1:22329 ] - [ DEBUG ]  -Dio.netty.recycler.maxCapacityPerThread: 32768
2018-03-31 22:45:03  [ nioEventLoopGroup-3-1:22330 ] - [ DEBUG ]  -Dio.netty.recycler.maxSharedCapacityFactor: 2
2018-03-31 22:45:03  [ nioEventLoopGroup-3-1:22330 ] - [ DEBUG ]  -Dio.netty.recycler.linkCapacity: 16
2018-03-31 22:45:03  [ nioEventLoopGroup-3-1:22330 ] - [ DEBUG ]  -Dio.netty.recycler.ratio: 8
2018-03-31 22:45:03  [ nioEventLoopGroup-3-1:22364 ] - [ WARN ]  An exceptionCaught() event was fired, and it reached at the tail of the pipeline. It usually means the last handler in the pipeline did not handle the exception.
java.lang.StringIndexOutOfBoundsException: begin 1, end -1, length 1
	at java.base/java.lang.String.checkBoundsBeginEnd(String.java:3116)
	at java.base/java.lang.String.substring(String.java:1885)
	at cn.moe.server.HttpServerHandler.channelRead(HttpServerHandler.java:50)
	at io.netty.channel.AbstractChannelHandlerContext.invokeChannelRead(AbstractChannelHandlerContext.java:362)
	at io.netty.channel.AbstractChannelHandlerContext.invokeChannelRead(AbstractChannelHandlerContext.java:348)
	at io.netty.channel.AbstractChannelHandlerContext.fireChannelRead(AbstractChannelHandlerContext.java:340)
	at io.netty.channel.CombinedChannelDuplexHandler$DelegatingChannelHandlerContext.fireChannelRead(CombinedChannelDuplexHandler.java:438)
	at io.netty.handler.codec.ByteToMessageDecoder.fireChannelRead(ByteToMessageDecoder.java:310)
	at io.netty.handler.codec.ByteToMessageDecoder.channelRead(ByteToMessageDecoder.java:284)
	at io.netty.channel.CombinedChannelDuplexHandler.channelRead(CombinedChannelDuplexHandler.java:253)
	at io.netty.channel.AbstractChannelHandlerContext.invokeChannelRead(AbstractChannelHandlerContext.java:362)
	at io.netty.channel.AbstractChannelHandlerContext.invokeChannelRead(AbstractChannelHandlerContext.java:348)
	at io.netty.channel.AbstractChannelHandlerContext.fireChannelRead(AbstractChannelHandlerContext.java:340)
	at io.netty.channel.DefaultChannelPipeline$HeadContext.channelRead(DefaultChannelPipeline.java:1359)
	at io.netty.channel.AbstractChannelHandlerContext.invokeChannelRead(AbstractChannelHandlerContext.java:362)
	at io.netty.channel.AbstractChannelHandlerContext.invokeChannelRead(AbstractChannelHandlerContext.java:348)
	at io.netty.channel.DefaultChannelPipeline.fireChannelRead(DefaultChannelPipeline.java:935)
	at io.netty.channel.nio.AbstractNioByteChannel$NioByteUnsafe.read(AbstractNioByteChannel.java:134)
	at io.netty.channel.nio.NioEventLoop.processSelectedKey(NioEventLoop.java:645)
	at io.netty.channel.nio.NioEventLoop.processSelectedKeysOptimized(NioEventLoop.java:580)
	at io.netty.channel.nio.NioEventLoop.processSelectedKeys(NioEventLoop.java:497)
	at io.netty.channel.nio.NioEventLoop.run(NioEventLoop.java:459)
	at io.netty.util.concurrent.SingleThreadEventExecutor$5.run(SingleThreadEventExecutor.java:858)
	at io.netty.util.concurrent.DefaultThreadFactory$DefaultRunnableDecorator.run(DefaultThreadFactory.java:138)
	at java.base/java.lang.Thread.run(Thread.java:844)
2018-03-31 22:45:06  [ nioEventLoopGroup-3-2:25514 ] - [ WARN ]  An exceptionCaught() event was fired, and it reached at the tail of the pipeline. It usually means the last handler in the pipeline did not handle the exception.
java.lang.StringIndexOutOfBoundsException: begin 1, end -1, length 3
	at java.base/java.lang.String.checkBoundsBeginEnd(String.java:3116)
	at java.base/java.lang.String.substring(String.java:1885)
	at cn.moe.server.HttpServerHandler.channelRead(HttpServerHandler.java:50)
	at io.netty.channel.AbstractChannelHandlerContext.invokeChannelRead(AbstractChannelHandlerContext.java:362)
	at io.netty.channel.AbstractChannelHandlerContext.invokeChannelRead(AbstractChannelHandlerContext.java:348)
	at io.netty.channel.AbstractChannelHandlerContext.fireChannelRead(AbstractChannelHandlerContext.java:340)
	at io.netty.channel.CombinedChannelDuplexHandler$DelegatingChannelHandlerContext.fireChannelRead(CombinedChannelDuplexHandler.java:438)
	at io.netty.handler.codec.ByteToMessageDecoder.fireChannelRead(ByteToMessageDecoder.java:310)
	at io.netty.handler.codec.ByteToMessageDecoder.channelRead(ByteToMessageDecoder.java:284)
	at io.netty.channel.CombinedChannelDuplexHandler.channelRead(CombinedChannelDuplexHandler.java:253)
	at io.netty.channel.AbstractChannelHandlerContext.invokeChannelRead(AbstractChannelHandlerContext.java:362)
	at io.netty.channel.AbstractChannelHandlerContext.invokeChannelRead(AbstractChannelHandlerContext.java:348)
	at io.netty.channel.AbstractChannelHandlerContext.fireChannelRead(AbstractChannelHandlerContext.java:340)
	at io.netty.channel.DefaultChannelPipeline$HeadContext.channelRead(DefaultChannelPipeline.java:1359)
	at io.netty.channel.AbstractChannelHandlerContext.invokeChannelRead(AbstractChannelHandlerContext.java:362)
	at io.netty.channel.AbstractChannelHandlerContext.invokeChannelRead(AbstractChannelHandlerContext.java:348)
	at io.netty.channel.DefaultChannelPipeline.fireChannelRead(DefaultChannelPipeline.java:935)
	at io.netty.channel.nio.AbstractNioByteChannel$NioByteUnsafe.read(AbstractNioByteChannel.java:134)
	at io.netty.channel.nio.NioEventLoop.processSelectedKey(NioEventLoop.java:645)
	at io.netty.channel.nio.NioEventLoop.processSelectedKeysOptimized(NioEventLoop.java:580)
	at io.netty.channel.nio.NioEventLoop.processSelectedKeys(NioEventLoop.java:497)
	at io.netty.channel.nio.NioEventLoop.run(NioEventLoop.java:459)
	at io.netty.util.concurrent.SingleThreadEventExecutor$5.run(SingleThreadEventExecutor.java:858)
	at io.netty.util.concurrent.DefaultThreadFactory$DefaultRunnableDecorator.run(DefaultThreadFactory.java:138)
	at java.base/java.lang.Thread.run(Thread.java:844)
2018-03-31 22:46:42  [ main:0 ] - [ DEBUG ]  Using SLF4J as the default logging framework
2018-03-31 22:46:42  [ main:7 ] - [ DEBUG ]  -Dio.netty.eventLoopThreads: 8
2018-03-31 22:46:42  [ main:54 ] - [ DEBUG ]  Platform: MacOS
2018-03-31 22:46:42  [ main:56 ] - [ DEBUG ]  -Dio.netty.noUnsafe: false
2018-03-31 22:46:42  [ main:57 ] - [ DEBUG ]  Java version: 9
2018-03-31 22:46:42  [ main:60 ] - [ DEBUG ]  sun.misc.Unsafe.theUnsafe: available
2018-03-31 22:46:42  [ main:61 ] - [ DEBUG ]  sun.misc.Unsafe.copyMemory: available
2018-03-31 22:46:42  [ main:62 ] - [ DEBUG ]  java.nio.Buffer.address: available
2018-03-31 22:46:42  [ main:65 ] - [ DEBUG ]  direct buffer constructor: available
2018-03-31 22:46:42  [ main:66 ] - [ DEBUG ]  java.nio.Bits.unaligned: available, true
2018-03-31 22:46:42  [ main:70 ] - [ DEBUG ]  jdk.internal.misc.Unsafe.allocateUninitializedArray(int): unavailable
java.lang.IllegalAccessException: class io.netty.util.internal.PlatformDependent0$6 cannot access class jdk.internal.misc.Unsafe (in module java.base) because module java.base does not export jdk.internal.misc to unnamed module @1b68b9a4
	at java.base/jdk.internal.reflect.Reflection.newIllegalAccessException(Reflection.java:361)
	at java.base/java.lang.reflect.AccessibleObject.checkAccess(AccessibleObject.java:589)
	at java.base/java.lang.reflect.Method.invoke(Method.java:556)
	at io.netty.util.internal.PlatformDependent0$6.run(PlatformDependent0.java:300)
	at java.base/java.security.AccessController.doPrivileged(Native Method)
	at io.netty.util.internal.PlatformDependent0.<clinit>(PlatformDependent0.java:291)
	at io.netty.util.internal.PlatformDependent.isAndroid(PlatformDependent.java:202)
	at io.netty.util.internal.PlatformDependent.<clinit>(PlatformDependent.java:79)
	at io.netty.util.ConstantPool.<init>(ConstantPool.java:32)
	at io.netty.util.Signal$1.<init>(Signal.java:27)
	at io.netty.util.Signal.<clinit>(Signal.java:27)
	at io.netty.util.concurrent.DefaultPromise.<clinit>(DefaultPromise.java:43)
	at io.netty.util.concurrent.MultithreadEventExecutorGroup.<init>(MultithreadEventExecutorGroup.java:36)
	at io.netty.util.concurrent.MultithreadEventExecutorGroup.<init>(MultithreadEventExecutorGroup.java:58)
	at io.netty.channel.MultithreadEventLoopGroup.<init>(MultithreadEventLoopGroup.java:52)
	at io.netty.channel.nio.NioEventLoopGroup.<init>(NioEventLoopGroup.java:87)
	at io.netty.channel.nio.NioEventLoopGroup.<init>(NioEventLoopGroup.java:82)
	at io.netty.channel.nio.NioEventLoopGroup.<init>(NioEventLoopGroup.java:63)
	at io.netty.channel.nio.NioEventLoopGroup.<init>(NioEventLoopGroup.java:51)
	at io.netty.channel.nio.NioEventLoopGroup.<init>(NioEventLoopGroup.java:43)
	at cn.moe.server.HttpServer.start(HttpServer.java:37)
	at cn.moe.server.HttpServer.main(HttpServer.java:64)
2018-03-31 22:46:42  [ main:72 ] - [ DEBUG ]  java.nio.DirectByteBuffer.<init>(long, int): available
2018-03-31 22:46:42  [ main:73 ] - [ DEBUG ]  sun.misc.Unsafe: available
2018-03-31 22:46:42  [ main:122 ] - [ DEBUG ]  maxDirectMemory: 2147483648 bytes (maybe)
2018-03-31 22:46:42  [ main:123 ] - [ DEBUG ]  -Dio.netty.tmpdir: /var/folders/4z/z913zt5n7tvdjvtv0_1kvff80000gn/T (java.io.tmpdir)
2018-03-31 22:46:42  [ main:123 ] - [ DEBUG ]  -Dio.netty.bitMode: 64 (sun.arch.data.model)
2018-03-31 22:46:42  [ main:131 ] - [ DEBUG ]  -Dio.netty.noPreferDirect: false
2018-03-31 22:46:42  [ main:132 ] - [ DEBUG ]  maxDirectMemory: 2147483648 bytes (maybe)
2018-03-31 22:46:42  [ main:133 ] - [ DEBUG ]  -Dio.netty.maxDirectMemory: 2147483648 bytes
2018-03-31 22:46:42  [ main:133 ] - [ DEBUG ]  -Dio.netty.uninitializedArrayAllocationThreshold: -1
2018-03-31 22:46:42  [ main:134 ] - [ DEBUG ]  java.nio.ByteBuffer.cleaner(): available
2018-03-31 22:46:42  [ main:161 ] - [ DEBUG ]  -Dio.netty.noKeySetOptimization: false
2018-03-31 22:46:42  [ main:162 ] - [ DEBUG ]  -Dio.netty.selectorAutoRebuildThreshold: 512
2018-03-31 22:46:42  [ main:185 ] - [ DEBUG ]  org.jctools-core.MpscChunkedArrayQueue: available
2018-03-31 22:46:43  [ main:586 ] - [ DEBUG ]  -Dio.netty.processId: 12940 (auto-detected)
2018-03-31 22:46:43  [ main:591 ] - [ DEBUG ]  -Djava.net.preferIPv4Stack: false
2018-03-31 22:46:43  [ main:593 ] - [ DEBUG ]  -Djava.net.preferIPv6Addresses: false
2018-03-31 22:46:43  [ main:604 ] - [ DEBUG ]  Loopback interface: lo0 (lo0, 0:0:0:0:0:0:0:1%lo0)
2018-03-31 22:46:43  [ main:607 ] - [ DEBUG ]  Failed to get SOMAXCONN from sysctl and file /proc/sys/net/core/somaxconn. Default: 128
2018-03-31 22:46:43  [ main:615 ] - [ DEBUG ]  -Dio.netty.machineId: 8c:85:90:ff:fe:b0:9a:6c (auto-detected)
2018-03-31 22:46:43  [ main:622 ] - [ DEBUG ]  -Dio.netty.threadLocalMap.stringBuilder.initialSize: 1024
2018-03-31 22:46:43  [ main:622 ] - [ DEBUG ]  -Dio.netty.threadLocalMap.stringBuilder.maxSize: 4096
2018-03-31 22:46:43  [ main:640 ] - [ DEBUG ]  -Dio.netty.leakDetection.level: simple
2018-03-31 22:46:43  [ main:640 ] - [ DEBUG ]  -Dio.netty.leakDetection.maxRecords: 4
2018-03-31 22:46:43  [ main:669 ] - [ DEBUG ]  -Dio.netty.allocator.numHeapArenas: 8
2018-03-31 22:46:43  [ main:669 ] - [ DEBUG ]  -Dio.netty.allocator.numDirectArenas: 8
2018-03-31 22:46:43  [ main:669 ] - [ DEBUG ]  -Dio.netty.allocator.pageSize: 8192
2018-03-31 22:46:43  [ main:670 ] - [ DEBUG ]  -Dio.netty.allocator.maxOrder: 11
2018-03-31 22:46:43  [ main:670 ] - [ DEBUG ]  -Dio.netty.allocator.chunkSize: 16777216
2018-03-31 22:46:43  [ main:670 ] - [ DEBUG ]  -Dio.netty.allocator.tinyCacheSize: 512
2018-03-31 22:46:43  [ main:671 ] - [ DEBUG ]  -Dio.netty.allocator.smallCacheSize: 256
2018-03-31 22:46:43  [ main:671 ] - [ DEBUG ]  -Dio.netty.allocator.normalCacheSize: 64
2018-03-31 22:46:43  [ main:671 ] - [ DEBUG ]  -Dio.netty.allocator.maxCachedBufferCapacity: 32768
2018-03-31 22:46:43  [ main:672 ] - [ DEBUG ]  -Dio.netty.allocator.cacheTrimInterval: 8192
2018-03-31 22:46:43  [ main:672 ] - [ DEBUG ]  -Dio.netty.allocator.useCacheForAllThreads: true
2018-03-31 22:46:43  [ main:685 ] - [ DEBUG ]  -Dio.netty.allocator.type: pooled
2018-03-31 22:46:43  [ main:685 ] - [ DEBUG ]  -Dio.netty.threadLocalDirectBufferSize: 65536
2018-03-31 22:46:43  [ main:686 ] - [ DEBUG ]  -Dio.netty.maxThreadLocalCharBufferSize: 16384
2018-03-31 22:46:55  [ nioEventLoopGroup-3-1:12654 ] - [ DEBUG ]  -Dio.netty.buffer.bytebuf.checkAccessible: true
2018-03-31 22:46:55  [ nioEventLoopGroup-3-1:12655 ] - [ DEBUG ]  Loaded default ResourceLeakDetector: io.netty.util.ResourceLeakDetector@135243af
2018-03-31 22:46:55  [ nioEventLoopGroup-3-1:12668 ] - [ DEBUG ]  -Dio.netty.recycler.maxCapacityPerThread: 32768
2018-03-31 22:46:55  [ nioEventLoopGroup-3-1:12668 ] - [ DEBUG ]  -Dio.netty.recycler.maxSharedCapacityFactor: 2
2018-03-31 22:46:55  [ nioEventLoopGroup-3-1:12668 ] - [ DEBUG ]  -Dio.netty.recycler.linkCapacity: 16
2018-03-31 22:46:55  [ nioEventLoopGroup-3-1:12668 ] - [ DEBUG ]  -Dio.netty.recycler.ratio: 8
2018-03-31 22:46:55  [ nioEventLoopGroup-3-1:12696 ] - [ WARN ]  An exceptionCaught() event was fired, and it reached at the tail of the pipeline. It usually means the last handler in the pipeline did not handle the exception.
java.lang.StringIndexOutOfBoundsException: begin 1, end -1, length 6
	at java.base/java.lang.String.checkBoundsBeginEnd(String.java:3116)
	at java.base/java.lang.String.substring(String.java:1885)
	at cn.moe.server.HttpServerHandler.channelRead(HttpServerHandler.java:50)
	at io.netty.channel.AbstractChannelHandlerContext.invokeChannelRead(AbstractChannelHandlerContext.java:362)
	at io.netty.channel.AbstractChannelHandlerContext.invokeChannelRead(AbstractChannelHandlerContext.java:348)
	at io.netty.channel.AbstractChannelHandlerContext.fireChannelRead(AbstractChannelHandlerContext.java:340)
	at io.netty.channel.CombinedChannelDuplexHandler$DelegatingChannelHandlerContext.fireChannelRead(CombinedChannelDuplexHandler.java:438)
	at io.netty.handler.codec.ByteToMessageDecoder.fireChannelRead(ByteToMessageDecoder.java:310)
	at io.netty.handler.codec.ByteToMessageDecoder.channelRead(ByteToMessageDecoder.java:284)
	at io.netty.channel.CombinedChannelDuplexHandler.channelRead(CombinedChannelDuplexHandler.java:253)
	at io.netty.channel.AbstractChannelHandlerContext.invokeChannelRead(AbstractChannelHandlerContext.java:362)
	at io.netty.channel.AbstractChannelHandlerContext.invokeChannelRead(AbstractChannelHandlerContext.java:348)
	at io.netty.channel.AbstractChannelHandlerContext.fireChannelRead(AbstractChannelHandlerContext.java:340)
	at io.netty.channel.DefaultChannelPipeline$HeadContext.channelRead(DefaultChannelPipeline.java:1359)
	at io.netty.channel.AbstractChannelHandlerContext.invokeChannelRead(AbstractChannelHandlerContext.java:362)
	at io.netty.channel.AbstractChannelHandlerContext.invokeChannelRead(AbstractChannelHandlerContext.java:348)
	at io.netty.channel.DefaultChannelPipeline.fireChannelRead(DefaultChannelPipeline.java:935)
	at io.netty.channel.nio.AbstractNioByteChannel$NioByteUnsafe.read(AbstractNioByteChannel.java:134)
	at io.netty.channel.nio.NioEventLoop.processSelectedKey(NioEventLoop.java:645)
	at io.netty.channel.nio.NioEventLoop.processSelectedKeysOptimized(NioEventLoop.java:580)
	at io.netty.channel.nio.NioEventLoop.processSelectedKeys(NioEventLoop.java:497)
	at io.netty.channel.nio.NioEventLoop.run(NioEventLoop.java:459)
	at io.netty.util.concurrent.SingleThreadEventExecutor$5.run(SingleThreadEventExecutor.java:858)
	at io.netty.util.concurrent.DefaultThreadFactory$DefaultRunnableDecorator.run(DefaultThreadFactory.java:138)
	at java.base/java.lang.Thread.run(Thread.java:844)
2018-03-31 22:47:23  [ nioEventLoopGroup-3-2:40666 ] - [ WARN ]  An exceptionCaught() event was fired, and it reached at the tail of the pipeline. It usually means the last handler in the pipeline did not handle the exception.
java.lang.NullPointerException
	at cn.moe.server.loader.HotCodeServer.getService(LoaderServer.java:20)
	at cn.moe.server.proxy.MyReflex.getServiceByReflex(MyReflex.java:16)
	at cn.moe.server.HttpServerHandler.channelRead(HttpServerHandler.java:52)
	at io.netty.channel.AbstractChannelHandlerContext.invokeChannelRead(AbstractChannelHandlerContext.java:362)
	at io.netty.channel.AbstractChannelHandlerContext.invokeChannelRead(AbstractChannelHandlerContext.java:348)
	at io.netty.channel.AbstractChannelHandlerContext.fireChannelRead(AbstractChannelHandlerContext.java:340)
	at io.netty.channel.CombinedChannelDuplexHandler$DelegatingChannelHandlerContext.fireChannelRead(CombinedChannelDuplexHandler.java:438)
	at io.netty.handler.codec.ByteToMessageDecoder.fireChannelRead(ByteToMessageDecoder.java:310)
	at io.netty.handler.codec.ByteToMessageDecoder.channelRead(ByteToMessageDecoder.java:284)
	at io.netty.channel.CombinedChannelDuplexHandler.channelRead(CombinedChannelDuplexHandler.java:253)
	at io.netty.channel.AbstractChannelHandlerContext.invokeChannelRead(AbstractChannelHandlerContext.java:362)
	at io.netty.channel.AbstractChannelHandlerContext.invokeChannelRead(AbstractChannelHandlerContext.java:348)
	at io.netty.channel.AbstractChannelHandlerContext.fireChannelRead(AbstractChannelHandlerContext.java:340)
	at io.netty.channel.DefaultChannelPipeline$HeadContext.channelRead(DefaultChannelPipeline.java:1359)
	at io.netty.channel.AbstractChannelHandlerContext.invokeChannelRead(AbstractChannelHandlerContext.java:362)
	at io.netty.channel.AbstractChannelHandlerContext.invokeChannelRead(AbstractChannelHandlerContext.java:348)
	at io.netty.channel.DefaultChannelPipeline.fireChannelRead(DefaultChannelPipeline.java:935)
	at io.netty.channel.nio.AbstractNioByteChannel$NioByteUnsafe.read(AbstractNioByteChannel.java:134)
	at io.netty.channel.nio.NioEventLoop.processSelectedKey(NioEventLoop.java:645)
	at io.netty.channel.nio.NioEventLoop.processSelectedKeysOptimized(NioEventLoop.java:580)
	at io.netty.channel.nio.NioEventLoop.processSelectedKeys(NioEventLoop.java:497)
	at io.netty.channel.nio.NioEventLoop.run(NioEventLoop.java:459)
	at io.netty.util.concurrent.SingleThreadEventExecutor$5.run(SingleThreadEventExecutor.java:858)
	at io.netty.util.concurrent.DefaultThreadFactory$DefaultRunnableDecorator.run(DefaultThreadFactory.java:138)
	at java.base/java.lang.Thread.run(Thread.java:844)
